RUN	computerdatabase.advanced.AdvancedSimulationStep02	2	advancedsimulationstep02	1676037990551	 	2.0
USER	Users	1	START	1676037992238	1676037992238
USER	Admins	4	START	1676037992336	1676037992336
REQUEST	Users	1		Home	1676037992288	1676037992527	OK	 
REQUEST	Admins	4		Home	1676037992336	1676037992540	OK	 
REQUEST	Users	1		Home Redirect 1	1676037992537	1676037992723	OK	 
REQUEST	Admins	4		Home Redirect 1	1676037992541	1676037992714	OK	 
USER	Users	2	START	1676037993350	1676037993350
REQUEST	Users	2		Home	1676037993350	1676037993550	OK	 
REQUEST	Users	2		Home Redirect 1	1676037993551	1676037993666	OK	 
REQUEST	Admins	4		Search	1676037993751	1676037993847	OK	 
REQUEST	Users	1		Search	1676037993751	1676037993856	OK	 
USER	Users	3	START	1676037994350	1676037994350
REQUEST	Users	3		Home	1676037994351	1676037994547	OK	 
REQUEST	Users	3		Home Redirect 1	1676037994548	1676037994651	OK	 
REQUEST	Users	2		Search	1676037994680	1676037994787	OK	 
REQUEST	Admins	4		Select	1676037994831	1676037994926	OK	 
REQUEST	Users	1		Select	1676037994850	1676037994944	OK	 
USER	Users	5	START	1676037995240	1676037995240
REQUEST	Users	5		Home	1676037995241	1676037995428	OK	 
REQUEST	Users	5		Home Redirect 1	1676037995429	1676037995533	OK	 
REQUEST	Users	3		Search	1676037995671	1676037995766	OK	 
REQUEST	Users	2		Select	1676037995790	1676037995896	OK	 
REQUEST	Admins	4		Home	1676037995931	1676037996024	OK	 
REQUEST	Users	1		Home	1676037995941	1676037996034	OK	 
REQUEST	Admins	4		Home Redirect 1	1676037996024	1676037996126	OK	 
REQUEST	Users	1		Home Redirect 1	1676037996035	1676037996128	OK	 
USER	Users	6	START	1676037996240	1676037996240
REQUEST	Users	6		Home	1676037996240	1676037996427	OK	 
REQUEST	Users	6		Home Redirect 1	1676037996428	1676037996535	OK	 
REQUEST	Users	5		Search	1676037996551	1676037996646	OK	 
REQUEST	Users	3		Select	1676037996770	1676037996865	OK	 
REQUEST	Users	2		Home	1676037996901	1676037996995	OK	 
REQUEST	Users	2		Home Redirect 1	1676037996996	1676037997091	OK	 
USER	Admins	8	START	1676037997240	1676037997240
USER	Users	7	START	1676037997240	1676037997240
REQUEST	Users	7		Home	1676037997240	1676037997426	OK	 
REQUEST	Admins	8		Home	1676037997240	1676037997427	OK	 
REQUEST	Users	7		Home Redirect 1	1676037997427	1676037997533	OK	 
REQUEST	Admins	8		Home Redirect 1	1676037997428	1676037997535	OK	 
REQUEST	Users	6		Search	1676037997550	1676037997646	OK	 
REQUEST	Users	5		Select	1676037997651	1676037997746	OK	 
REQUEST	Users	3		Home	1676037997861	1676037997954	OK	 
REQUEST	Users	3		Home Redirect 1	1676037997954	1676037998053	OK	 
REQUEST	Admins	4		Page 1	1676037998121	1676037998217	OK	 
REQUEST	Users	1		Page 1	1676037998130	1676037998225	OK	 
USER	Users	9	START	1676037998240	1676037998240
REQUEST	Users	9		Home	1676037998240	1676037998427	OK	 
REQUEST	Users	9		Home Redirect 1	1676037998428	1676037998525	OK	 
REQUEST	Users	7		Search	1676037998551	1676037998647	OK	 
REQUEST	Admins	8		Search	1676037998551	1676037998647	OK	 
REQUEST	Users	6		Select	1676037998651	1676037998746	OK	 
REQUEST	Users	5		Home	1676037998741	1676037998835	OK	 
REQUEST	Users	5		Home Redirect 1	1676037998836	1676037998931	OK	 
REQUEST	Admins	4		Page 2	1676037998891	1676037998986	OK	 
REQUEST	Users	1		Page 2	1676037998891	1676037998986	OK	 
REQUEST	Users	2		Page 1	1676037999090	1676037999188	OK	 
USER	Users	10	START	1676037999240	1676037999240
REQUEST	Users	10		Home	1676037999240	1676037999426	OK	 
REQUEST	Users	10		Home Redirect 1	1676037999427	1676037999522	OK	 
REQUEST	Users	9		Search	1676037999540	1676037999636	OK	 
REQUEST	Admins	4		Page 3	1676037999610	1676037999706	OK	 
REQUEST	Users	1		Page 3	1676037999620	1676037999716	OK	 
REQUEST	Users	7		Select	1676037999651	1676037999744	OK	 
REQUEST	Admins	8		Select	1676037999651	1676037999746	OK	 
REQUEST	Users	6		Home	1676037999741	1676037999834	OK	 
REQUEST	Users	6		Home Redirect 1	1676037999835	1676037999930	OK	 
REQUEST	Users	2		Page 2	1676037999851	1676037999946	OK	 
REQUEST	Users	3		Page 1	1676038000061	1676038000156	OK	 
USER	Users	11	START	1676038000240	1676038000240
REQUEST	Users	11		Home	1676038000241	1676038000428	OK	 
REQUEST	Users	11		Home Redirect 1	1676038000428	1676038000527	OK	 
REQUEST	Admins	4		Page 4	1676038000441	1676038000536	OK	 
REQUEST	Users	1		Page 4	1676038000451	1676038000545	OK	 
REQUEST	Users	10		Search	1676038000541	1676038000636	OK	 
REQUEST	Users	2		Page 3	1676038000580	1676038000676	OK	 
REQUEST	Users	9		Select	1676038000641	1676038000737	OK	 
REQUEST	Users	7		Home	1676038000740	1676038000832	OK	 
REQUEST	Admins	8		Home	1676038000750	1676038000844	OK	 
REQUEST	Users	3		Page 2	1676038000820	1676038000914	OK	 
REQUEST	Users	7		Home Redirect 1	1676038000833	1676038000927	OK	 
REQUEST	Admins	8		Home Redirect 1	1676038000844	1676038000939	OK	 
REQUEST	Users	5		Page 1	1676038000941	1676038001036	OK	 
USER	Users	12	START	1676038001241	1676038001241
REQUEST	Users	12		Home	1676038001241	1676038001426	OK	 
REQUEST	Users	2		Page 4	1676038001411	1676038001506	OK	 
REQUEST	Users	12		Home Redirect 1	1676038001427	1676038001521	OK	 
REQUEST	Users	11		Search	1676038001540	1676038001636	OK	 
REQUEST	Users	3		Page 3	1676038001540	1676038001636	OK	 
REQUEST	Users	10		Select	1676038001640	1676038001734	OK	 
REQUEST	Users	5		Page 2	1676038001701	1676038001798	OK	 
REQUEST	Users	9		Home	1676038001730	1676038001824	OK	 
REQUEST	Users	9		Home Redirect 1	1676038001824	1676038001919	OK	 
REQUEST	Users	6		Page 1	1676038001941	1676038002036	OK	 
REQUEST	Users	3		Page 4	1676038002370	1676038002466	OK	 
REQUEST	Users	5		Page 3	1676038002421	1676038002524	OK	 
REQUEST	Users	12		Search	1676038002540	1676038002636	OK	 
REQUEST	Users	11		Select	1676038002640	1676038002735	OK	 
REQUEST	Users	6		Page 2	1676038002700	1676038002794	OK	 
REQUEST	Users	10		Home	1676038002730	1676038002824	OK	 
REQUEST	Users	10		Home Redirect 1	1676038002824	1676038002926	OK	 
REQUEST	Users	7		Page 1	1676038002931	1676038003024	OK	 
REQUEST	Admins	8		Page 1	1676038002931	1676038003025	OK	 
REQUEST	Users	5		Page 4	1676038003261	1676038003357	OK	 
REQUEST	Users	6		Page 3	1676038003420	1676038003514	OK	 
REQUEST	Users	12		Select	1676038003641	1676038003736	OK	 
REQUEST	Users	7		Page 2	1676038003690	1676038003784	OK	 
REQUEST	Admins	8		Page 2	1676038003700	1676038003795	OK	 
REQUEST	Users	11		Home	1676038003741	1676038003835	OK	 
REQUEST	Users	11		Home Redirect 1	1676038003835	1676038003930	OK	 
REQUEST	Users	9		Page 1	1676038003921	1676038004016	OK	 
REQUEST	Users	6		Page 4	1676038004250	1676038004346	OK	 
REQUEST	Admins	8		Page 3	1676038004421	1676038004522	OK	 
REQUEST	Users	7		Page 3	1676038004421	1676038004522	OK	 
REQUEST	Users	9		Page 2	1676038004691	1676038004789	OK	 
REQUEST	Users	12		Home	1676038004731	1676038004825	OK	 
REQUEST	Users	12		Home Redirect 1	1676038004825	1676038004922	OK	 
REQUEST	Users	10		Page 1	1676038004931	1676038005025	OK	 
REQUEST	Users	7		Page 4	1676038005250	1676038005344	OK	 
REQUEST	Admins	8		Page 4	1676038005260	1676038005355	OK	 
REQUEST	Users	9		Page 3	1676038005410	1676038005505	OK	 
USER	Users	1	END	1676037992238	1676038005542
REQUEST	Admins	4		Form	1676038005541	1676038005635	OK	 
REQUEST	Users	10		Page 2	1676038005690	1676038005785	OK	 
REQUEST	Users	11		Page 1	1676038005931	1676038006027	OK	 
REQUEST	Users	9		Page 4	1676038006250	1676038006346	OK	 
REQUEST	Users	10		Page 3	1676038006411	1676038006506	OK	 
USER	Users	2	END	1676037993350	1676038006511
REQUEST	Users	11		Page 2	1676038006690	1676038006789	OK	 
REQUEST	Admins	4		Post	1676038006635	1676038006924	OK	 
REQUEST	Users	12		Page 1	1676038006930	1676038007024	OK	 
REQUEST	Admins	4		Post Redirect 1	1676038006931	1676038007027	OK	 
USER	Admins	4	END	1676037992336	1676038007028
REQUEST	Users	10		Page 4	1676038007241	1676038007336	OK	 
USER	Users	3	END	1676037994350	1676038007470
REQUEST	Users	11		Page 3	1676038007431	1676038007527	OK	 
REQUEST	Users	12		Page 2	1676038007691	1676038007785	OK	 
REQUEST	Users	11		Page 4	1676038008251	1676038008347	OK	 
USER	Users	5	END	1676037995240	1676038008360
REQUEST	Users	12		Page 3	1676038008411	1676038008505	OK	 
REQUEST	Users	12		Page 4	1676038009240	1676038009335	OK	 
USER	Users	6	END	1676037996240	1676038009350
USER	Users	7	END	1676037997240	1676038010350
REQUEST	Admins	8		Form	1676038010350	1676038010444	OK	 
USER	Users	9	END	1676037998240	1676038011341
REQUEST	Admins	8		Post	1676038011450	1676038011546	OK	 
REQUEST	Admins	8		Post Redirect 1	1676038011547	1676038011642	OK	 
USER	Admins	8	END	1676037997240	1676038011643
USER	Users	10	END	1676037999240	1676038012340
USER	Users	11	END	1676038000240	1676038013351
USER	Users	12	END	1676038001241	1676038014331
